

Started GET "/" for 127.0.0.1 at 2014-12-16 10:07:05 +0100

ActiveRecord::PendingMigrationError (

Migrations are pending. To resolve this issue, run:

	bin/rake db:migrate RAILS_ENV=development

):
  activerecord (4.1.5) lib/active_record/migration.rb:389:in `check_pending!'
  activerecord (4.1.5) lib/active_record/migration.rb:377:in `call'
  actionpack (4.1.5) lib/action_dispatch/middleware/callbacks.rb:29:in `block in call'
  activesupport (4.1.5) lib/active_support/callbacks.rb:82:in `run_callbacks'
  actionpack (4.1.5) lib/action_dispatch/middleware/callbacks.rb:27:in `call'
  actionpack (4.1.5) lib/action_dispatch/middleware/reloader.rb:73:in `call'
  actionpack (4.1.5) lib/action_dispatch/middleware/remote_ip.rb:76:in `call'
  actionpack (4.1.5) lib/action_dispatch/middleware/debug_exceptions.rb:17:in `call'
  actionpack (4.1.5) lib/action_dispatch/middleware/show_exceptions.rb:30:in `call'
  railties (4.1.5) lib/rails/rack/logger.rb:38:in `call_app'
  railties (4.1.5) lib/rails/rack/logger.rb:20:in `block in call'
  activesupport (4.1.5) lib/active_support/tagged_logging.rb:68:in `block in tagged'
  activesupport (4.1.5) lib/active_support/tagged_logging.rb:26:in `tagged'
  activesupport (4.1.5) lib/active_support/tagged_logging.rb:68:in `tagged'
  railties (4.1.5) lib/rails/rack/logger.rb:20:in `call'
  actionpack (4.1.5) lib/action_dispatch/middleware/request_id.rb:21:in `call'
  rack (1.5.2) lib/rack/methodoverride.rb:21:in `call'
  rack (1.5.2) lib/rack/runtime.rb:17:in `call'
  activesupport (4.1.5) lib/active_support/cache/strategy/local_cache_middleware.rb:26:in `call'
  rack (1.5.2) lib/rack/lock.rb:17:in `call'
  actionpack (4.1.5) lib/action_dispatch/middleware/static.rb:64:in `call'
  rack (1.5.2) lib/rack/sendfile.rb:112:in `call'
  railties (4.1.5) lib/rails/engine.rb:514:in `call'
  railties (4.1.5) lib/rails/application.rb:144:in `call'
  rack (1.5.2) lib/rack/lock.rb:17:in `call'
  rack (1.5.2) lib/rack/content_length.rb:14:in `call'
  rack (1.5.2) lib/rack/handler/webrick.rb:60:in `service'
  /home/eagle/.rvm/rubies/ruby-2.1.3/lib/ruby/2.1.0/webrick/httpserver.rb:138:in `service'
  /home/eagle/.rvm/rubies/ruby-2.1.3/lib/ruby/2.1.0/webrick/httpserver.rb:94:in `run'
  /home/eagle/.rvm/rubies/ruby-2.1.3/lib/ruby/2.1.0/webrick/server.rb:295:in `block in start_thread'


  Rendered /home/eagle/.rvm/gems/ruby-2.1.3/gems/actionpack-4.1.5/lib/action_dispatch/middleware/templates/rescues/_source.erb (0.6ms)
  Rendered /home/eagle/.rvm/gems/ruby-2.1.3/gems/actionpack-4.1.5/lib/action_dispatch/middleware/templates/rescues/_trace.html.erb (1.0ms)
  Rendered /home/eagle/.rvm/gems/ruby-2.1.3/gems/actionpack-4.1.5/lib/action_dispatch/middleware/templates/rescues/_request_and_response.html.erb (1.0ms)
  Rendered /home/eagle/.rvm/gems/ruby-2.1.3/gems/actionpack-4.1.5/lib/action_dispatch/middleware/templates/rescues/diagnostics.erb within rescues/layout (15.1ms)


Started GET "/" for 127.0.0.1 at 2014-12-16 10:07:35 +0100

ActiveRecord::PendingMigrationError (

Migrations are pending. To resolve this issue, run:

	bin/rake db:migrate RAILS_ENV=development

):
  activerecord (4.1.5) lib/active_record/migration.rb:389:in `check_pending!'
  activerecord (4.1.5) lib/active_record/migration.rb:377:in `call'
  actionpack (4.1.5) lib/action_dispatch/middleware/callbacks.rb:29:in `block in call'
  activesupport (4.1.5) lib/active_support/callbacks.rb:82:in `run_callbacks'
  actionpack (4.1.5) lib/action_dispatch/middleware/callbacks.rb:27:in `call'
  actionpack (4.1.5) lib/action_dispatch/middleware/reloader.rb:73:in `call'
  actionpack (4.1.5) lib/action_dispatch/middleware/remote_ip.rb:76:in `call'
  actionpack (4.1.5) lib/action_dispatch/middleware/debug_exceptions.rb:17:in `call'
  actionpack (4.1.5) lib/action_dispatch/middleware/show_exceptions.rb:30:in `call'
  railties (4.1.5) lib/rails/rack/logger.rb:38:in `call_app'
  railties (4.1.5) lib/rails/rack/logger.rb:20:in `block in call'
  activesupport (4.1.5) lib/active_support/tagged_logging.rb:68:in `block in tagged'
  activesupport (4.1.5) lib/active_support/tagged_logging.rb:26:in `tagged'
  activesupport (4.1.5) lib/active_support/tagged_logging.rb:68:in `tagged'
  railties (4.1.5) lib/rails/rack/logger.rb:20:in `call'
  actionpack (4.1.5) lib/action_dispatch/middleware/request_id.rb:21:in `call'
  rack (1.5.2) lib/rack/methodoverride.rb:21:in `call'
  rack (1.5.2) lib/rack/runtime.rb:17:in `call'
  activesupport (4.1.5) lib/active_support/cache/strategy/local_cache_middleware.rb:26:in `call'
  rack (1.5.2) lib/rack/lock.rb:17:in `call'
  actionpack (4.1.5) lib/action_dispatch/middleware/static.rb:64:in `call'
  rack (1.5.2) lib/rack/sendfile.rb:112:in `call'
  railties (4.1.5) lib/rails/engine.rb:514:in `call'
  railties (4.1.5) lib/rails/application.rb:144:in `call'
  rack (1.5.2) lib/rack/lock.rb:17:in `call'
  rack (1.5.2) lib/rack/content_length.rb:14:in `call'
  rack (1.5.2) lib/rack/handler/webrick.rb:60:in `service'
  /home/eagle/.rvm/rubies/ruby-2.1.3/lib/ruby/2.1.0/webrick/httpserver.rb:138:in `service'
  /home/eagle/.rvm/rubies/ruby-2.1.3/lib/ruby/2.1.0/webrick/httpserver.rb:94:in `run'
  /home/eagle/.rvm/rubies/ruby-2.1.3/lib/ruby/2.1.0/webrick/server.rb:295:in `block in start_thread'


  Rendered /home/eagle/.rvm/gems/ruby-2.1.3/gems/actionpack-4.1.5/lib/action_dispatch/middleware/templates/rescues/_source.erb (0.9ms)
  Rendered /home/eagle/.rvm/gems/ruby-2.1.3/gems/actionpack-4.1.5/lib/action_dispatch/middleware/templates/rescues/_trace.html.erb (1.9ms)
  Rendered /home/eagle/.rvm/gems/ruby-2.1.3/gems/actionpack-4.1.5/lib/action_dispatch/middleware/templates/rescues/_request_and_response.html.erb (1.3ms)
  Rendered /home/eagle/.rvm/gems/ruby-2.1.3/gems/actionpack-4.1.5/lib/action_dispatch/middleware/templates/rescues/diagnostics.erb within rescues/layout (21.0ms)


Started GET "/" for 127.0.0.1 at 2014-12-16 10:07:37 +0100

ActiveRecord::PendingMigrationError (

Migrations are pending. To resolve this issue, run:

	bin/rake db:migrate RAILS_ENV=development

):
  activerecord (4.1.5) lib/active_record/migration.rb:389:in `check_pending!'
  activerecord (4.1.5) lib/active_record/migration.rb:377:in `call'
  actionpack (4.1.5) lib/action_dispatch/middleware/callbacks.rb:29:in `block in call'
  activesupport (4.1.5) lib/active_support/callbacks.rb:82:in `run_callbacks'
  actionpack (4.1.5) lib/action_dispatch/middleware/callbacks.rb:27:in `call'
  actionpack (4.1.5) lib/action_dispatch/middleware/reloader.rb:73:in `call'
  actionpack (4.1.5) lib/action_dispatch/middleware/remote_ip.rb:76:in `call'
  actionpack (4.1.5) lib/action_dispatch/middleware/debug_exceptions.rb:17:in `call'
  actionpack (4.1.5) lib/action_dispatch/middleware/show_exceptions.rb:30:in `call'
  railties (4.1.5) lib/rails/rack/logger.rb:38:in `call_app'
  railties (4.1.5) lib/rails/rack/logger.rb:20:in `block in call'
  activesupport (4.1.5) lib/active_support/tagged_logging.rb:68:in `block in tagged'
  activesupport (4.1.5) lib/active_support/tagged_logging.rb:26:in `tagged'
  activesupport (4.1.5) lib/active_support/tagged_logging.rb:68:in `tagged'
  railties (4.1.5) lib/rails/rack/logger.rb:20:in `call'
  actionpack (4.1.5) lib/action_dispatch/middleware/request_id.rb:21:in `call'
  rack (1.5.2) lib/rack/methodoverride.rb:21:in `call'
  rack (1.5.2) lib/rack/runtime.rb:17:in `call'
  activesupport (4.1.5) lib/active_support/cache/strategy/local_cache_middleware.rb:26:in `call'
  rack (1.5.2) lib/rack/lock.rb:17:in `call'
  actionpack (4.1.5) lib/action_dispatch/middleware/static.rb:64:in `call'
  rack (1.5.2) lib/rack/sendfile.rb:112:in `call'
  railties (4.1.5) lib/rails/engine.rb:514:in `call'
  railties (4.1.5) lib/rails/application.rb:144:in `call'
  rack (1.5.2) lib/rack/lock.rb:17:in `call'
  rack (1.5.2) lib/rack/content_length.rb:14:in `call'
  rack (1.5.2) lib/rack/handler/webrick.rb:60:in `service'
  /home/eagle/.rvm/rubies/ruby-2.1.3/lib/ruby/2.1.0/webrick/httpserver.rb:138:in `service'
  /home/eagle/.rvm/rubies/ruby-2.1.3/lib/ruby/2.1.0/webrick/httpserver.rb:94:in `run'
  /home/eagle/.rvm/rubies/ruby-2.1.3/lib/ruby/2.1.0/webrick/server.rb:295:in `block in start_thread'


  Rendered /home/eagle/.rvm/gems/ruby-2.1.3/gems/actionpack-4.1.5/lib/action_dispatch/middleware/templates/rescues/_source.erb (0.5ms)
  Rendered /home/eagle/.rvm/gems/ruby-2.1.3/gems/actionpack-4.1.5/lib/action_dispatch/middleware/templates/rescues/_trace.html.erb (1.1ms)
  Rendered /home/eagle/.rvm/gems/ruby-2.1.3/gems/actionpack-4.1.5/lib/action_dispatch/middleware/templates/rescues/_request_and_response.html.erb (0.8ms)
  Rendered /home/eagle/.rvm/gems/ruby-2.1.3/gems/actionpack-4.1.5/lib/action_dispatch/middleware/templates/rescues/diagnostics.erb within rescues/layout (13.2ms)
  [1m[36m (187.5ms)[0m  [1mCREATE TABLE "schema_migrations" ("version" varchar(255) NOT NULL) [0m
  [1m[35m (0.2ms)[0m  select sqlite_version(*)
  [1m[36m (143.5ms)[0m  [1mCREATE UNIQUE INDEX "unique_schema_migrations" ON "schema_migrations" ("version")[0m
  [1m[35mActiveRecord::SchemaMigration Load (0.4ms)[0m  SELECT "schema_migrations".* FROM "schema_migrations"
Migrating to CreateNotes (20141115150841)
  [1m[36m (0.2ms)[0m  [1mbegin transaction[0m
  [1m[35m (0.3ms)[0m  CREATE TABLE "notes" ("id" INTEGER PRIMARY KEY AUTOINCREMENT NOT NULL, "title" varchar(255), "content" text, "created_at" datetime, "updated_at" datetime) 
  [1m[36mSQL (0.1ms)[0m  [1mINSERT INTO "schema_migrations" ("version") VALUES (?)[0m  [["version", "20141115150841"]]
  [1m[35m (176.8ms)[0m  commit transaction
Migrating to DeviseCreateUsers (20141115155600)
  [1m[36m (0.2ms)[0m  [1mbegin transaction[0m
  [1m[35m (0.9ms)[0m  CREATE TABLE "users" ("id" INTEGER PRIMARY KEY AUTOINCREMENT NOT NULL, "email" varchar(255) DEFAULT '' NOT NULL, "encrypted_password" varchar(255) DEFAULT '' NOT NULL, "reset_password_token" varchar(255), "reset_password_sent_at" datetime, "remember_created_at" datetime, "sign_in_count" integer DEFAULT 0 NOT NULL, "current_sign_in_at" datetime, "last_sign_in_at" datetime, "current_sign_in_ip" varchar(255), "last_sign_in_ip" varchar(255), "created_at" datetime, "updated_at" datetime) 
  [1m[36m (0.7ms)[0m  [1mCREATE UNIQUE INDEX "index_users_on_email" ON "users" ("email")[0m
  [1m[35m (0.3ms)[0m              SELECT sql
            FROM sqlite_master
            WHERE name='index_users_on_email' AND type='index'
            UNION ALL
            SELECT sql
            FROM sqlite_temp_master
            WHERE name='index_users_on_email' AND type='index'

  [1m[36m (0.5ms)[0m  [1mCREATE UNIQUE INDEX "index_users_on_reset_password_token" ON "users" ("reset_password_token")[0m
  [1m[35mSQL (0.2ms)[0m  INSERT INTO "schema_migrations" ("version") VALUES (?)  [["version", "20141115155600"]]
  [1m[36m (281.8ms)[0m  [1mcommit transaction[0m
Migrating to AddUserIdToNotes (20141115155933)
  [1m[35m (0.1ms)[0m  begin transaction
  [1m[36m (0.4ms)[0m  [1mALTER TABLE "notes" ADD "user_id" integer[0m
  [1m[35m (0.2ms)[0m  CREATE  INDEX "index_notes_on_user_id" ON "notes" ("user_id")
  [1m[36mSQL (0.2ms)[0m  [1mINSERT INTO "schema_migrations" ("version") VALUES (?)[0m  [["version", "20141115155933"]]
  [1m[35m (180.2ms)[0m  commit transaction
  [1m[36mActiveRecord::SchemaMigration Load (0.3ms)[0m  [1mSELECT "schema_migrations".* FROM "schema_migrations"[0m
  [1m[35m (0.1ms)[0m              SELECT sql
            FROM sqlite_master
            WHERE name='index_notes_on_user_id' AND type='index'
            UNION ALL
            SELECT sql
            FROM sqlite_temp_master
            WHERE name='index_notes_on_user_id' AND type='index'

  [1m[36m (0.1ms)[0m  [1m            SELECT sql
            FROM sqlite_master
            WHERE name='index_users_on_reset_password_token' AND type='index'
            UNION ALL
            SELECT sql
            FROM sqlite_temp_master
            WHERE name='index_users_on_reset_password_token' AND type='index'
[0m
  [1m[35m (0.1ms)[0m              SELECT sql
            FROM sqlite_master
            WHERE name='index_users_on_email' AND type='index'
            UNION ALL
            SELECT sql
            FROM sqlite_temp_master
            WHERE name='index_users_on_email' AND type='index'



Started GET "/" for 127.0.0.1 at 2014-12-16 10:08:31 +0100
  [1m[36mActiveRecord::SchemaMigration Load (0.1ms)[0m  [1mSELECT "schema_migrations".* FROM "schema_migrations"[0m
Processing by WelcomeController#index as HTML
  Rendered welcome/index.html.haml within layouts/application (4.8ms)
Completed 200 OK in 1263ms (Views: 1262.6ms | ActiveRecord: 0.0ms)


Started GET "/assets/notes.js?body=1" for 127.0.0.1 at 2014-12-16 10:08:32 +0100


Started GET "/assets/welcome.js?body=1" for 127.0.0.1 at 2014-12-16 10:08:32 +0100


Started GET "/assets/application.js?body=1" for 127.0.0.1 at 2014-12-16 10:08:32 +0100


Started GET "/assets/application.css?body=1" for 127.0.0.1 at 2014-12-16 10:08:32 +0100


Started GET "/assets/jquery_ujs.js?body=1" for 127.0.0.1 at 2014-12-16 10:08:32 +0100


Started GET "/assets/turbolinks.js?body=1" for 127.0.0.1 at 2014-12-16 10:08:32 +0100


Started GET "/assets/jquery.js?body=1" for 127.0.0.1 at 2014-12-16 10:08:32 +0100


Started GET "/assets/logo.svg" for 127.0.0.1 at 2014-12-16 10:08:32 +0100


Started GET "/assets/callout_background.jpg" for 127.0.0.1 at 2014-12-16 10:08:32 +0100


Started GET "/assets/welcome_banner_image.jpg" for 127.0.0.1 at 2014-12-16 10:08:32 +0100


Started GET "/users/sign_in" for 127.0.0.1 at 2014-12-16 10:08:37 +0100
Processing by Devise::SessionsController#new as HTML
  Rendered devise/shared/_links.html.erb (1.8ms)
  Rendered devise/sessions/new.html.erb within layouts/application (52.0ms)
Completed 200 OK in 98ms (Views: 86.3ms | ActiveRecord: 0.4ms)


Started GET "/users/sign_up" for 127.0.0.1 at 2014-12-16 10:08:40 +0100
Processing by Devise::RegistrationsController#new as HTML
  Rendered devise/registrations/new.html.erb within layouts/application (6.9ms)
Completed 200 OK in 49ms (Views: 45.8ms | ActiveRecord: 0.0ms)


Started POST "/users" for 127.0.0.1 at 2014-12-16 10:08:49 +0100
Processing by Devise::RegistrationsController#create as HTML
  Parameters: {"utf8"=>"✓", "authenticity_token"=>"OKDAvUlqHtUCFi2Wa32voDyBQXELpSnbL7mBH+Xn7lY=", "user"=>{"email"=>"tcorrado82@gmail.com", "password"=>"[FILTERED]", "password_confirmation"=>"[FILTERED]"}, "commit"=>"Sign up"}
  [1m[35m (0.1ms)[0m  begin transaction
  [1m[36mUser Exists (0.2ms)[0m  [1mSELECT  1 AS one FROM "users"  WHERE "users"."email" = 'tcorrado82@gmail.com' LIMIT 1[0m
Binary data inserted for `string` type on column `encrypted_password`
  [1m[35mSQL (0.3ms)[0m  INSERT INTO "users" ("created_at", "email", "encrypted_password", "updated_at") VALUES (?, ?, ?, ?)  [["created_at", "2014-12-16 09:08:49.653229"], ["email", "tcorrado82@gmail.com"], ["encrypted_password", "$2a$10$fWBoGQ2YJJfwkHYh/qWry.VMB.2QNYTv/EVkNX8voMhQ86WjKDw1C"], ["updated_at", "2014-12-16 09:08:49.653229"]]
  [1m[36m (220.2ms)[0m  [1mcommit transaction[0m
  [1m[35m (0.2ms)[0m  begin transaction
Binary data inserted for `string` type on column `current_sign_in_ip`
Binary data inserted for `string` type on column `last_sign_in_ip`
  [1m[36mSQL (0.6ms)[0m  [1mUPDATE "users" SET "current_sign_in_at" = ?, "current_sign_in_ip" = ?, "last_sign_in_at" = ?, "last_sign_in_ip" = ?, "sign_in_count" = ?, "updated_at" = ? WHERE "users"."id" = 1[0m  [["current_sign_in_at", "2014-12-16 09:08:49.878689"], ["current_sign_in_ip", "127.0.0.1"], ["last_sign_in_at", "2014-12-16 09:08:49.878689"], ["last_sign_in_ip", "127.0.0.1"], ["sign_in_count", 1], ["updated_at", "2014-12-16 09:08:49.882104"]]
  [1m[35m (156.3ms)[0m  commit transaction
Redirected to http://localhost:3000/
Completed 302 Found in 542ms (ActiveRecord: 378.0ms)


Started GET "/" for 127.0.0.1 at 2014-12-16 10:08:50 +0100
  [1m[36mUser Load (0.2ms)[0m  [1mSELECT  "users".* FROM "users"  WHERE "users"."id" = 1  ORDER BY "users"."id" ASC LIMIT 1[0m
Processing by NotesController#index as HTML
  [1m[35mNote Load (0.2ms)[0m  SELECT "notes".* FROM "notes"  WHERE "notes"."user_id" = 1
  Rendered notes/index.html.haml within layouts/application (3.3ms)
Completed 200 OK in 43ms (Views: 38.1ms | ActiveRecord: 0.2ms)


Started GET "/notes/new" for 127.0.0.1 at 2014-12-16 10:08:56 +0100
Processing by NotesController#new as HTML
  [1m[36mUser Load (0.2ms)[0m  [1mSELECT  "users".* FROM "users"  WHERE "users"."id" = 1  ORDER BY "users"."id" ASC LIMIT 1[0m
  Rendered notes/_form.html.haml (5.8ms)
  Rendered notes/new.html.haml within layouts/application (7.8ms)
Completed 200 OK in 56ms (Views: 40.6ms | ActiveRecord: 0.6ms)


Started POST "/notes" for 127.0.0.1 at 2014-12-16 10:09:32 +0100
Processing by NotesController#create as HTML
  Parameters: {"utf8"=>"✓", "authenticity_token"=>"OKDAvUlqHtUCFi2Wa32voDyBQXELpSnbL7mBH+Xn7lY=", "note"=>{"title"=>"Prova di Comunicazione", "content"=>"Tilde meditation salvia, gluten-free freegan Portland aesthetic Etsy Wes Anderson swag keffiyeh Tumblr Vice High Life. Wolf cronut cornhole normcore bitters. Kickstarter Thundercats Wes Anderson before they sold out. Jean shorts meh pour-over pug, quinoa Vice XOXO sriracha gastropub Portland dreamcatcher. Paleo small batch Carles mlkshk cardigan kogi. Pickled hella single-origin coffee roof party sriracha, DIY fingerstache actually. Vegan blog Pitchfork flannel, mustache direct trade distillery tattooed lomo narwhal Neutra."}, "commit"=>"Create Note"}
  [1m[35mUser Load (0.2ms)[0m  SELECT  "users".* FROM "users"  WHERE "users"."id" = 1  ORDER BY "users"."id" ASC LIMIT 1
  [1m[36m (0.1ms)[0m  [1mbegin transaction[0m
  [1m[35mSQL (0.2ms)[0m  INSERT INTO "notes" ("content", "created_at", "title", "updated_at", "user_id") VALUES (?, ?, ?, ?, ?)  [["content", "Tilde meditation salvia, gluten-free freegan Portland aesthetic Etsy Wes Anderson swag keffiyeh Tumblr Vice High Life. Wolf cronut cornhole normcore bitters. Kickstarter Thundercats Wes Anderson before they sold out. Jean shorts meh pour-over pug, quinoa Vice XOXO sriracha gastropub Portland dreamcatcher. Paleo small batch Carles mlkshk cardigan kogi. Pickled hella single-origin coffee roof party sriracha, DIY fingerstache actually. Vegan blog Pitchfork flannel, mustache direct trade distillery tattooed lomo narwhal Neutra."], ["created_at", "2014-12-16 09:09:32.266651"], ["title", "Prova di Comunicazione"], ["updated_at", "2014-12-16 09:09:32.266651"], ["user_id", 1]]
  [1m[36m (248.4ms)[0m  [1mcommit transaction[0m
Redirected to http://localhost:3000/notes/1
Completed 302 Found in 255ms (ActiveRecord: 248.9ms)


Started GET "/notes/1" for 127.0.0.1 at 2014-12-16 10:09:32 +0100
Processing by NotesController#show as HTML
  Parameters: {"id"=>"1"}
  [1m[35mNote Load (0.6ms)[0m  SELECT  "notes".* FROM "notes"  WHERE "notes"."id" = ? LIMIT 1  [["id", 1]]
  [1m[36mUser Load (0.2ms)[0m  [1mSELECT  "users".* FROM "users"  WHERE "users"."id" = 1  ORDER BY "users"."id" ASC LIMIT 1[0m
  Rendered notes/show.html.haml within layouts/application (4.4ms)
Completed 200 OK in 51ms (Views: 44.7ms | ActiveRecord: 0.8ms)


Started GET "/notes/new" for 127.0.0.1 at 2014-12-16 10:09:37 +0100
Processing by NotesController#new as HTML
  [1m[35mUser Load (0.6ms)[0m  SELECT  "users".* FROM "users"  WHERE "users"."id" = 1  ORDER BY "users"."id" ASC LIMIT 1
  Rendered notes/_form.html.haml (4.9ms)
  Rendered notes/new.html.haml within layouts/application (5.8ms)
Completed 200 OK in 45ms (Views: 39.2ms | ActiveRecord: 0.6ms)


Started POST "/notes" for 127.0.0.1 at 2014-12-16 10:09:59 +0100
Processing by NotesController#create as HTML
  Parameters: {"utf8"=>"✓", "authenticity_token"=>"OKDAvUlqHtUCFi2Wa32voDyBQXELpSnbL7mBH+Xn7lY=", "note"=>{"title"=>"Hipster Ipsum", "content"=>"Wayfarers ugh keffiyeh tote bag, blog iPhone banjo freegan flannel. DIY banjo Thundercats, lomo fashion axe quinoa mustache Tumblr. Polaroid tofu keytar fashion axe. Meditation cray semiotics chia. Portland drinking vinegar chambray meditation Pinterest, skateboard biodiesel cardigan occupy taxidermy yr bicycle rights blog pour-over Intelligentsia. Photo booth PBR VHS PBR&B. Put a bird on it irony Banksy, sriracha Brooklyn viral meditation wayfarers artisan tilde Marfa High Life fingerstache semiotics.\r\n\r\nPBR kitsch Wes Anderson disrupt chia, letterpress Banksy. Organic typewriter shabby chic, put a bird on it American Apparel VHS fingerstache. Helvetica aesthetic keytar scenester vegan PBR&B. Seitan authentic tilde sriracha. Cray leggings single-origin coffee irony umami 90's Wes Anderson chia. Sriracha ennui ethical, Thundercats art party 8-bit cronut scenester PBR sustainable retro cornhole flexitarian. Messenger bag distillery synth brunch.\r\n\r\nPortland distillery pickled pop-up aesthetic, trust fund taxidermy fanny pack literally Pinterest gluten-free. Asymmetrical banjo wolf hoodie Kickstarter VHS put a bird on it next level. Narwhal banjo cronut fixie synth, cred biodiesel YOLO butcher locavore mlkshk. Lumbersexual kale chips pork belly, taxidermy drinking vinegar 90's PBR craft beer sriracha Helvetica. Deep v asymmetrical Wes Anderson lo-fi craft beer mlkshk. Gentrify 90's synth, health goth locavore art party selfies farm-to-table sustainable wolf XOXO Carles Austin chambray blog. Brooklyn +1 seitan forage next level."}, "commit"=>"Create Note"}
  [1m[36mUser Load (0.6ms)[0m  [1mSELECT  "users".* FROM "users"  WHERE "users"."id" = 1  ORDER BY "users"."id" ASC LIMIT 1[0m
  [1m[35m (0.1ms)[0m  begin transaction
  [1m[36mSQL (0.2ms)[0m  [1mINSERT INTO "notes" ("content", "created_at", "title", "updated_at", "user_id") VALUES (?, ?, ?, ?, ?)[0m  [["content", "Wayfarers ugh keffiyeh tote bag, blog iPhone banjo freegan flannel. DIY banjo Thundercats, lomo fashion axe quinoa mustache Tumblr. Polaroid tofu keytar fashion axe. Meditation cray semiotics chia. Portland drinking vinegar chambray meditation Pinterest, skateboard biodiesel cardigan occupy taxidermy yr bicycle rights blog pour-over Intelligentsia. Photo booth PBR VHS PBR&B. Put a bird on it irony Banksy, sriracha Brooklyn viral meditation wayfarers artisan tilde Marfa High Life fingerstache semiotics.\r\n\r\nPBR kitsch Wes Anderson disrupt chia, letterpress Banksy. Organic typewriter shabby chic, put a bird on it American Apparel VHS fingerstache. Helvetica aesthetic keytar scenester vegan PBR&B. Seitan authentic tilde sriracha. Cray leggings single-origin coffee irony umami 90's Wes Anderson chia. Sriracha ennui ethical, Thundercats art party 8-bit cronut scenester PBR sustainable retro cornhole flexitarian. Messenger bag distillery synth brunch.\r\n\r\nPortland distillery pickled pop-up aesthetic, trust fund taxidermy fanny pack literally Pinterest gluten-free. Asymmetrical banjo wolf hoodie Kickstarter VHS put a bird on it next level. Narwhal banjo cronut fixie synth, cred biodiesel YOLO butcher locavore mlkshk. Lumbersexual kale chips pork belly, taxidermy drinking vinegar 90's PBR craft beer sriracha Helvetica. Deep v asymmetrical Wes Anderson lo-fi craft beer mlkshk. Gentrify 90's synth, health goth locavore art party selfies farm-to-table sustainable wolf XOXO Carles Austin chambray blog. Brooklyn +1 seitan forage next level."], ["created_at", "2014-12-16 09:09:59.924558"], ["title", "Hipster Ipsum"], ["updated_at", "2014-12-16 09:09:59.924558"], ["user_id", 1]]
  [1m[35m (255.0ms)[0m  commit transaction
Redirected to http://localhost:3000/notes/2
Completed 302 Found in 263ms (ActiveRecord: 255.8ms)


Started GET "/notes/2" for 127.0.0.1 at 2014-12-16 10:10:00 +0100
Processing by NotesController#show as HTML
  Parameters: {"id"=>"2"}
  [1m[36mNote Load (0.1ms)[0m  [1mSELECT  "notes".* FROM "notes"  WHERE "notes"."id" = ? LIMIT 1[0m  [["id", 2]]
  [1m[35mUser Load (0.2ms)[0m  SELECT  "users".* FROM "users"  WHERE "users"."id" = 1  ORDER BY "users"."id" ASC LIMIT 1
  Rendered notes/show.html.haml within layouts/application (0.7ms)
Completed 200 OK in 39ms (Views: 36.1ms | ActiveRecord: 0.3ms)


Started GET "/" for 127.0.0.1 at 2014-12-16 10:10:08 +0100
  [1m[36mUser Load (0.2ms)[0m  [1mSELECT  "users".* FROM "users"  WHERE "users"."id" = 1  ORDER BY "users"."id" ASC LIMIT 1[0m
Processing by NotesController#index as HTML
  [1m[35mNote Load (0.2ms)[0m  SELECT "notes".* FROM "notes"  WHERE "notes"."user_id" = 1
  Rendered notes/index.html.haml within layouts/application (3.7ms)
Completed 200 OK in 40ms (Views: 38.9ms | ActiveRecord: 0.2ms)


Started GET "/notes/1" for 127.0.0.1 at 2014-12-16 10:10:11 +0100
Processing by NotesController#show as HTML
  Parameters: {"id"=>"1"}
  [1m[36mNote Load (0.3ms)[0m  [1mSELECT  "notes".* FROM "notes"  WHERE "notes"."id" = ? LIMIT 1[0m  [["id", 1]]
  [1m[35mUser Load (0.5ms)[0m  SELECT  "users".* FROM "users"  WHERE "users"."id" = 1  ORDER BY "users"."id" ASC LIMIT 1
  Rendered notes/show.html.haml within layouts/application (4.0ms)
Completed 200 OK in 53ms (Views: 47.1ms | ActiveRecord: 0.7ms)


Started GET "/" for 127.0.0.1 at 2014-12-16 10:10:13 +0100
  [1m[36mUser Load (0.5ms)[0m  [1mSELECT  "users".* FROM "users"  WHERE "users"."id" = 1  ORDER BY "users"."id" ASC LIMIT 1[0m
Processing by NotesController#index as HTML
  [1m[35mNote Load (0.2ms)[0m  SELECT "notes".* FROM "notes"  WHERE "notes"."user_id" = 1
  Rendered notes/index.html.haml within layouts/application (1.4ms)
Completed 200 OK in 42ms (Views: 41.2ms | ActiveRecord: 0.2ms)


Started GET "/" for 127.0.0.1 at 2014-12-16 10:10:13 +0100
  [1m[36mUser Load (0.3ms)[0m  [1mSELECT  "users".* FROM "users"  WHERE "users"."id" = 1  ORDER BY "users"."id" ASC LIMIT 1[0m
Processing by NotesController#index as HTML
  [1m[35mNote Load (0.2ms)[0m  SELECT "notes".* FROM "notes"  WHERE "notes"."user_id" = 1
  Rendered notes/index.html.haml within layouts/application (1.8ms)
Completed 200 OK in 45ms (Views: 44.5ms | ActiveRecord: 0.2ms)


Started GET "/notes/2" for 127.0.0.1 at 2014-12-16 10:10:15 +0100
Processing by NotesController#show as HTML
  Parameters: {"id"=>"2"}
  [1m[36mNote Load (0.2ms)[0m  [1mSELECT  "notes".* FROM "notes"  WHERE "notes"."id" = ? LIMIT 1[0m  [["id", 2]]
  [1m[35mUser Load (0.3ms)[0m  SELECT  "users".* FROM "users"  WHERE "users"."id" = 1  ORDER BY "users"."id" ASC LIMIT 1
  Rendered notes/show.html.haml within layouts/application (0.6ms)
Completed 200 OK in 39ms (Views: 36.0ms | ActiveRecord: 0.5ms)


Started GET "/" for 127.0.0.1 at 2014-12-16 10:10:17 +0100
  [1m[36mUser Load (0.3ms)[0m  [1mSELECT  "users".* FROM "users"  WHERE "users"."id" = 1  ORDER BY "users"."id" ASC LIMIT 1[0m
Processing by NotesController#index as HTML
  [1m[35mNote Load (0.8ms)[0m  SELECT "notes".* FROM "notes"  WHERE "notes"."user_id" = 1
  Rendered notes/index.html.haml within layouts/application (3.7ms)
Completed 200 OK in 41ms (Views: 39.6ms | ActiveRecord: 0.8ms)


Started GET "/" for 127.0.0.1 at 2014-12-16 10:10:17 +0100
  [1m[36mUser Load (0.3ms)[0m  [1mSELECT  "users".* FROM "users"  WHERE "users"."id" = 1  ORDER BY "users"."id" ASC LIMIT 1[0m
Processing by NotesController#index as HTML
  [1m[35mNote Load (0.3ms)[0m  SELECT "notes".* FROM "notes"  WHERE "notes"."user_id" = 1
  Rendered notes/index.html.haml within layouts/application (2.6ms)
Completed 200 OK in 43ms (Views: 42.5ms | ActiveRecord: 0.3ms)


Started GET "/" for 127.0.0.1 at 2014-12-16 10:10:17 +0100
  [1m[36mUser Load (0.3ms)[0m  [1mSELECT  "users".* FROM "users"  WHERE "users"."id" = 1  ORDER BY "users"."id" ASC LIMIT 1[0m
Processing by NotesController#index as HTML
  [1m[35mNote Load (0.3ms)[0m  SELECT "notes".* FROM "notes"  WHERE "notes"."user_id" = 1
  Rendered notes/index.html.haml within layouts/application (2.8ms)
Completed 200 OK in 46ms (Views: 45.0ms | ActiveRecord: 0.3ms)


Started GET "/" for 127.0.0.1 at 2014-12-16 10:10:17 +0100
  [1m[36mUser Load (0.2ms)[0m  [1mSELECT  "users".* FROM "users"  WHERE "users"."id" = 1  ORDER BY "users"."id" ASC LIMIT 1[0m
Processing by NotesController#index as HTML
  [1m[35mNote Load (0.3ms)[0m  SELECT "notes".* FROM "notes"  WHERE "notes"."user_id" = 1
  Rendered notes/index.html.haml within layouts/application (2.0ms)
Completed 200 OK in 51ms (Views: 49.7ms | ActiveRecord: 0.3ms)


Started GET "/" for 127.0.0.1 at 2014-12-16 10:10:27 +0100
  [1m[36mUser Load (0.2ms)[0m  [1mSELECT  "users".* FROM "users"  WHERE "users"."id" = 1  ORDER BY "users"."id" ASC LIMIT 1[0m
Processing by NotesController#index as HTML
  [1m[35mNote Load (0.2ms)[0m  SELECT "notes".* FROM "notes"  WHERE "notes"."user_id" = 1
  Rendered notes/index.html.haml within layouts/application (1.4ms)
Completed 200 OK in 36ms (Views: 35.2ms | ActiveRecord: 0.2ms)


Started GET "/notes/new" for 127.0.0.1 at 2014-12-16 10:10:30 +0100
Processing by NotesController#new as HTML
  [1m[36mUser Load (0.2ms)[0m  [1mSELECT  "users".* FROM "users"  WHERE "users"."id" = 1  ORDER BY "users"."id" ASC LIMIT 1[0m
  Rendered notes/_form.html.haml (4.5ms)
  Rendered notes/new.html.haml within layouts/application (5.3ms)
Completed 200 OK in 43ms (Views: 41.2ms | ActiveRecord: 0.2ms)


Started GET "/" for 127.0.0.1 at 2014-12-16 10:38:08 +0100
  [1m[36mActiveRecord::SchemaMigration Load (0.1ms)[0m  [1mSELECT "schema_migrations".* FROM "schema_migrations"[0m
  [1m[35mUser Load (0.2ms)[0m  SELECT  "users".* FROM "users"  WHERE "users"."id" = 1  ORDER BY "users"."id" ASC LIMIT 1
Processing by NotesController#index as HTML
  [1m[36mNote Load (0.2ms)[0m  [1mSELECT "notes".* FROM "notes"  WHERE "notes"."user_id" = 1[0m
  Rendered notes/index.html.haml within layouts/application (14.5ms)
Completed 200 OK in 80ms (Views: 71.4ms | ActiveRecord: 0.5ms)


Started GET "/assets/jquery.js?body=1" for 127.0.0.1 at 2014-12-16 10:38:08 +0100


Started GET "/assets/turbolinks.js?body=1" for 127.0.0.1 at 2014-12-16 10:38:08 +0100


Started GET "/assets/notes.js?body=1" for 127.0.0.1 at 2014-12-16 10:38:08 +0100


Started GET "/assets/application.css?body=1" for 127.0.0.1 at 2014-12-16 10:38:08 +0100


Started GET "/assets/jquery_ujs.js?body=1" for 127.0.0.1 at 2014-12-16 10:38:08 +0100


Started GET "/assets/welcome.js?body=1" for 127.0.0.1 at 2014-12-16 10:38:08 +0100


Started GET "/assets/application.js?body=1" for 127.0.0.1 at 2014-12-16 10:38:08 +0100


Started GET "/assets/logo.svg" for 127.0.0.1 at 2014-12-16 10:38:08 +0100


Started DELETE "/users/sign_out" for 127.0.0.1 at 2014-12-16 10:38:13 +0100
Processing by Devise::SessionsController#destroy as HTML
  Parameters: {"authenticity_token"=>"OKDAvUlqHtUCFi2Wa32voDyBQXELpSnbL7mBH+Xn7lY="}
  [1m[35mUser Load (0.2ms)[0m  SELECT  "users".* FROM "users"  WHERE "users"."id" = 1  ORDER BY "users"."id" ASC LIMIT 1
  [1m[36m (0.1ms)[0m  [1mbegin transaction[0m
  [1m[35m (0.1ms)[0m  commit transaction
Redirected to http://localhost:3000/
Completed 302 Found in 24ms (ActiveRecord: 0.4ms)


Started GET "/" for 127.0.0.1 at 2014-12-16 10:38:13 +0100
Processing by WelcomeController#index as HTML
  Rendered welcome/index.html.haml within layouts/application (3.7ms)
Completed 200 OK in 44ms (Views: 44.1ms | ActiveRecord: 0.0ms)


Started GET "/assets/jquery_ujs.js?body=1" for 127.0.0.1 at 2014-12-16 10:38:13 +0100


Started GET "/assets/jquery.js?body=1" for 127.0.0.1 at 2014-12-16 10:38:13 +0100


Started GET "/assets/application.css?body=1" for 127.0.0.1 at 2014-12-16 10:38:13 +0100


Started GET "/assets/welcome.js?body=1" for 127.0.0.1 at 2014-12-16 10:38:13 +0100


Started GET "/assets/turbolinks.js?body=1" for 127.0.0.1 at 2014-12-16 10:38:13 +0100


Started GET "/assets/notes.js?body=1" for 127.0.0.1 at 2014-12-16 10:38:13 +0100


Started GET "/assets/application.js?body=1" for 127.0.0.1 at 2014-12-16 10:38:13 +0100


Started GET "/assets/logo.svg" for 127.0.0.1 at 2014-12-16 10:38:13 +0100


Started GET "/assets/callout_background.jpg" for 127.0.0.1 at 2014-12-16 10:38:13 +0100


Started GET "/assets/welcome_banner_image.jpg" for 127.0.0.1 at 2014-12-16 10:38:13 +0100


Started GET "/users/sign_in" for 127.0.0.1 at 2014-12-16 10:38:16 +0100
Processing by Devise::SessionsController#new as HTML
  Rendered devise/shared/_links.html.erb (1.4ms)
  Rendered devise/sessions/new.html.erb within layouts/application (38.4ms)
Completed 200 OK in 85ms (Views: 79.3ms | ActiveRecord: 0.0ms)


Started GET "/assets/application.css?body=1" for 127.0.0.1 at 2014-12-16 10:38:16 +0100


Started GET "/assets/jquery.js?body=1" for 127.0.0.1 at 2014-12-16 10:38:16 +0100


Started GET "/assets/application.js?body=1" for 127.0.0.1 at 2014-12-16 10:38:16 +0100


Started GET "/assets/turbolinks.js?body=1" for 127.0.0.1 at 2014-12-16 10:38:16 +0100


Started GET "/assets/welcome.js?body=1" for 127.0.0.1 at 2014-12-16 10:38:16 +0100


Started GET "/assets/notes.js?body=1" for 127.0.0.1 at 2014-12-16 10:38:16 +0100


Started GET "/assets/jquery_ujs.js?body=1" for 127.0.0.1 at 2014-12-16 10:38:16 +0100


Started POST "/users/sign_in" for 127.0.0.1 at 2014-12-16 10:38:22 +0100
Processing by Devise::SessionsController#create as HTML
  Parameters: {"utf8"=>"✓", "authenticity_token"=>"eK2jKAY0hHueREnQtBHPMf/KMGI2BRyfhkvruaJNLJ4=", "user"=>{"email"=>"tc82@tiscali.it", "password"=>"[FILTERED]", "remember_me"=>"0"}, "commit"=>"Log in"}
  [1m[36mUser Load (0.3ms)[0m  [1mSELECT  "users".* FROM "users"  WHERE "users"."email" = 'tc82@tiscali.it'  ORDER BY "users"."id" ASC LIMIT 1[0m
Completed 401 Unauthorized in 37ms
Processing by Devise::SessionsController#new as HTML
  Parameters: {"utf8"=>"✓", "authenticity_token"=>"eK2jKAY0hHueREnQtBHPMf/KMGI2BRyfhkvruaJNLJ4=", "user"=>{"email"=>"tc82@tiscali.it", "password"=>"[FILTERED]", "remember_me"=>"0"}, "commit"=>"Log in"}
  Rendered devise/shared/_links.html.erb (0.4ms)
  Rendered devise/sessions/new.html.erb within layouts/application (6.6ms)
Completed 200 OK in 124ms (Views: 41.9ms | ActiveRecord: 0.0ms)


Started GET "/assets/turbolinks.js?body=1" for 127.0.0.1 at 2014-12-16 10:38:22 +0100


Started GET "/assets/jquery.js?body=1" for 127.0.0.1 at 2014-12-16 10:38:22 +0100


Started GET "/assets/welcome.js?body=1" for 127.0.0.1 at 2014-12-16 10:38:22 +0100


Started GET "/assets/application.css?body=1" for 127.0.0.1 at 2014-12-16 10:38:22 +0100


Started GET "/assets/notes.js?body=1" for 127.0.0.1 at 2014-12-16 10:38:22 +0100


Started GET "/assets/jquery_ujs.js?body=1" for 127.0.0.1 at 2014-12-16 10:38:22 +0100


Started GET "/assets/application.js?body=1" for 127.0.0.1 at 2014-12-16 10:38:22 +0100


Started GET "/assets/logo.svg" for 127.0.0.1 at 2014-12-16 10:38:22 +0100


Started GET "/users/sign_up" for 127.0.0.1 at 2014-12-16 10:38:25 +0100
Processing by Devise::RegistrationsController#new as HTML
  Rendered devise/registrations/new.html.erb within layouts/application (7.9ms)
Completed 200 OK in 48ms (Views: 46.4ms | ActiveRecord: 0.0ms)


Started GET "/assets/jquery.js?body=1" for 127.0.0.1 at 2014-12-16 10:38:25 +0100


Started GET "/assets/turbolinks.js?body=1" for 127.0.0.1 at 2014-12-16 10:38:25 +0100


Started GET "/assets/jquery_ujs.js?body=1" for 127.0.0.1 at 2014-12-16 10:38:25 +0100


Started GET "/assets/welcome.js?body=1" for 127.0.0.1 at 2014-12-16 10:38:25 +0100


Started GET "/assets/application.js?body=1" for 127.0.0.1 at 2014-12-16 10:38:25 +0100


Started GET "/assets/application.css?body=1" for 127.0.0.1 at 2014-12-16 10:38:25 +0100


Started GET "/assets/logo.svg" for 127.0.0.1 at 2014-12-16 10:38:25 +0100


Started GET "/assets/notes.js?body=1" for 127.0.0.1 at 2014-12-16 10:38:25 +0100


Started POST "/users" for 127.0.0.1 at 2014-12-16 10:38:33 +0100
Processing by Devise::RegistrationsController#create as HTML
  Parameters: {"utf8"=>"✓", "authenticity_token"=>"eK2jKAY0hHueREnQtBHPMf/KMGI2BRyfhkvruaJNLJ4=", "user"=>{"email"=>"tc82@tiscali.it", "password"=>"[FILTERED]", "password_confirmation"=>"[FILTERED]"}, "commit"=>"Sign up"}
  [1m[35m (0.1ms)[0m  begin transaction
  [1m[36mUser Exists (0.2ms)[0m  [1mSELECT  1 AS one FROM "users"  WHERE "users"."email" = 'tc82@tiscali.it' LIMIT 1[0m
  [1m[35m (0.1ms)[0m  rollback transaction
  Rendered devise/registrations/new.html.erb within layouts/application (6.4ms)
Completed 200 OK in 136ms (Views: 41.0ms | ActiveRecord: 0.3ms)


Started GET "/assets/application.css?body=1" for 127.0.0.1 at 2014-12-16 10:38:34 +0100


Started GET "/assets/jquery.js?body=1" for 127.0.0.1 at 2014-12-16 10:38:34 +0100


Started GET "/assets/jquery_ujs.js?body=1" for 127.0.0.1 at 2014-12-16 10:38:34 +0100


Started GET "/assets/welcome.js?body=1" for 127.0.0.1 at 2014-12-16 10:38:34 +0100


Started GET "/assets/turbolinks.js?body=1" for 127.0.0.1 at 2014-12-16 10:38:34 +0100


Started GET "/assets/notes.js?body=1" for 127.0.0.1 at 2014-12-16 10:38:34 +0100


Started GET "/assets/application.js?body=1" for 127.0.0.1 at 2014-12-16 10:38:34 +0100


Started GET "/assets/logo.svg" for 127.0.0.1 at 2014-12-16 10:38:34 +0100


Started POST "/users" for 127.0.0.1 at 2014-12-16 10:38:45 +0100
Processing by Devise::RegistrationsController#create as HTML
  Parameters: {"utf8"=>"✓", "authenticity_token"=>"eK2jKAY0hHueREnQtBHPMf/KMGI2BRyfhkvruaJNLJ4=", "user"=>{"email"=>"tc82@tiscali.it", "password"=>"[FILTERED]", "password_confirmation"=>"[FILTERED]"}, "commit"=>"Sign up"}
  [1m[36m (0.1ms)[0m  [1mbegin transaction[0m
  [1m[35mUser Exists (0.3ms)[0m  SELECT  1 AS one FROM "users"  WHERE "users"."email" = 'tc82@tiscali.it' LIMIT 1
Binary data inserted for `string` type on column `encrypted_password`
  [1m[36mSQL (0.5ms)[0m  [1mINSERT INTO "users" ("created_at", "email", "encrypted_password", "updated_at") VALUES (?, ?, ?, ?)[0m  [["created_at", "2014-12-16 09:38:46.085548"], ["email", "tc82@tiscali.it"], ["encrypted_password", "$2a$10$O3SOvkf/6I6Y/U2Ephx2S.EymiRdkQ3HxSSAXWbKex93uWiDFA.lG"], ["updated_at", "2014-12-16 09:38:46.085548"]]
  [1m[35m (167.3ms)[0m  commit transaction
  [1m[36m (0.1ms)[0m  [1mbegin transaction[0m
Binary data inserted for `string` type on column `current_sign_in_ip`
Binary data inserted for `string` type on column `last_sign_in_ip`
  [1m[35mSQL (0.3ms)[0m  UPDATE "users" SET "current_sign_in_at" = ?, "current_sign_in_ip" = ?, "last_sign_in_at" = ?, "last_sign_in_ip" = ?, "sign_in_count" = ?, "updated_at" = ? WHERE "users"."id" = 2  [["current_sign_in_at", "2014-12-16 09:38:46.260544"], ["current_sign_in_ip", "127.0.0.1"], ["last_sign_in_at", "2014-12-16 09:38:46.260544"], ["last_sign_in_ip", "127.0.0.1"], ["sign_in_count", 1], ["updated_at", "2014-12-16 09:38:46.262075"]]
  [1m[36m (140.4ms)[0m  [1mcommit transaction[0m
Redirected to http://localhost:3000/
Completed 302 Found in 412ms (ActiveRecord: 309.1ms)


Started GET "/" for 127.0.0.1 at 2014-12-16 10:38:46 +0100
  [1m[35mUser Load (0.7ms)[0m  SELECT  "users".* FROM "users"  WHERE "users"."id" = 2  ORDER BY "users"."id" ASC LIMIT 1
Processing by NotesController#index as HTML
  [1m[36mNote Load (0.2ms)[0m  [1mSELECT "notes".* FROM "notes"  WHERE "notes"."user_id" = 2[0m
  Rendered notes/index.html.haml within layouts/application (0.8ms)
Completed 200 OK in 42ms (Views: 40.9ms | ActiveRecord: 0.2ms)


Started GET "/assets/application.css?body=1" for 127.0.0.1 at 2014-12-16 10:38:46 +0100


Started GET "/assets/jquery_ujs.js?body=1" for 127.0.0.1 at 2014-12-16 10:38:46 +0100


Started GET "/assets/notes.js?body=1" for 127.0.0.1 at 2014-12-16 10:38:46 +0100


Started GET "/assets/jquery.js?body=1" for 127.0.0.1 at 2014-12-16 10:38:46 +0100


Started GET "/assets/welcome.js?body=1" for 127.0.0.1 at 2014-12-16 10:38:46 +0100


Started GET "/assets/turbolinks.js?body=1" for 127.0.0.1 at 2014-12-16 10:38:46 +0100


Started GET "/assets/logo.svg" for 127.0.0.1 at 2014-12-16 10:38:46 +0100


Started GET "/assets/application.js?body=1" for 127.0.0.1 at 2014-12-16 10:38:46 +0100


Started GET "/notes/new" for 127.0.0.1 at 2014-12-16 10:38:50 +0100
Processing by NotesController#new as HTML
  [1m[35mUser Load (0.5ms)[0m  SELECT  "users".* FROM "users"  WHERE "users"."id" = 2  ORDER BY "users"."id" ASC LIMIT 1
  Rendered notes/_form.html.haml (5.2ms)
  Rendered notes/new.html.haml within layouts/application (7.1ms)
Completed 200 OK in 59ms (Views: 41.5ms | ActiveRecord: 0.5ms)


Started GET "/assets/application.css?body=1" for 127.0.0.1 at 2014-12-16 10:38:50 +0100


Started GET "/assets/jquery_ujs.js?body=1" for 127.0.0.1 at 2014-12-16 10:38:50 +0100


Started GET "/assets/turbolinks.js?body=1" for 127.0.0.1 at 2014-12-16 10:38:50 +0100


Started GET "/assets/notes.js?body=1" for 127.0.0.1 at 2014-12-16 10:38:50 +0100


Started GET "/assets/jquery.js?body=1" for 127.0.0.1 at 2014-12-16 10:38:50 +0100


Started GET "/assets/welcome.js?body=1" for 127.0.0.1 at 2014-12-16 10:38:50 +0100


Started GET "/assets/application.js?body=1" for 127.0.0.1 at 2014-12-16 10:38:50 +0100


Started POST "/notes" for 127.0.0.1 at 2014-12-16 10:39:31 +0100
Processing by NotesController#create as HTML
  Parameters: {"utf8"=>"✓", "authenticity_token"=>"eK2jKAY0hHueREnQtBHPMf/KMGI2BRyfhkvruaJNLJ4=", "note"=>{"title"=>"Apple", "content"=>"Apple Inc. is an American multinational corporation headquartered in Cupertino, California, that designs, develops, and sells consumer electronics, computer software, online services, and personal computers."}, "commit"=>"Create Note"}
  [1m[36mUser Load (0.2ms)[0m  [1mSELECT  "users".* FROM "users"  WHERE "users"."id" = 2  ORDER BY "users"."id" ASC LIMIT 1[0m
  [1m[35m (0.1ms)[0m  begin transaction
  [1m[36mSQL (0.3ms)[0m  [1mINSERT INTO "notes" ("content", "created_at", "title", "updated_at", "user_id") VALUES (?, ?, ?, ?, ?)[0m  [["content", "Apple Inc. is an American multinational corporation headquartered in Cupertino, California, that designs, develops, and sells consumer electronics, computer software, online services, and personal computers."], ["created_at", "2014-12-16 09:39:31.506959"], ["title", "Apple"], ["updated_at", "2014-12-16 09:39:31.506959"], ["user_id", 2]]
  [1m[35m (264.4ms)[0m  commit transaction
Redirected to http://localhost:3000/notes/3
Completed 302 Found in 272ms (ActiveRecord: 265.0ms)


Started GET "/notes/3" for 127.0.0.1 at 2014-12-16 10:39:31 +0100
Processing by NotesController#show as HTML
  Parameters: {"id"=>"3"}
  [1m[36mNote Load (1.1ms)[0m  [1mSELECT  "notes".* FROM "notes"  WHERE "notes"."id" = ? LIMIT 1[0m  [["id", 3]]
  [1m[35mUser Load (0.4ms)[0m  SELECT  "users".* FROM "users"  WHERE "users"."id" = 2  ORDER BY "users"."id" ASC LIMIT 1
  Rendered notes/show.html.haml within layouts/application (6.0ms)
Completed 200 OK in 47ms (Views: 40.9ms | ActiveRecord: 1.4ms)


Started GET "/assets/jquery.js?body=1" for 127.0.0.1 at 2014-12-16 10:39:31 +0100


Started GET "/assets/jquery_ujs.js?body=1" for 127.0.0.1 at 2014-12-16 10:39:31 +0100


Started GET "/assets/welcome.js?body=1" for 127.0.0.1 at 2014-12-16 10:39:31 +0100


Started GET "/assets/application.js?body=1" for 127.0.0.1 at 2014-12-16 10:39:31 +0100


Started GET "/assets/application.css?body=1" for 127.0.0.1 at 2014-12-16 10:39:31 +0100


Started GET "/assets/turbolinks.js?body=1" for 127.0.0.1 at 2014-12-16 10:39:31 +0100


Started GET "/assets/notes.js?body=1" for 127.0.0.1 at 2014-12-16 10:39:31 +0100


Started GET "/assets/logo.svg" for 127.0.0.1 at 2014-12-16 10:39:31 +0100


Started GET "/" for 127.0.0.1 at 2014-12-16 10:39:36 +0100
  [1m[36mUser Load (0.3ms)[0m  [1mSELECT  "users".* FROM "users"  WHERE "users"."id" = 2  ORDER BY "users"."id" ASC LIMIT 1[0m
Processing by NotesController#index as HTML
  [1m[35mNote Load (0.2ms)[0m  SELECT "notes".* FROM "notes"  WHERE "notes"."user_id" = 2
  Rendered notes/index.html.haml within layouts/application (4.6ms)
Completed 200 OK in 40ms (Views: 39.0ms | ActiveRecord: 0.2ms)


Started GET "/assets/application.css?body=1" for 127.0.0.1 at 2014-12-16 10:39:36 +0100


Started GET "/assets/jquery.js?body=1" for 127.0.0.1 at 2014-12-16 10:39:36 +0100


Started GET "/assets/turbolinks.js?body=1" for 127.0.0.1 at 2014-12-16 10:39:36 +0100


Started GET "/assets/jquery_ujs.js?body=1" for 127.0.0.1 at 2014-12-16 10:39:36 +0100


Started GET "/assets/welcome.js?body=1" for 127.0.0.1 at 2014-12-16 10:39:36 +0100


Started GET "/assets/application.js?body=1" for 127.0.0.1 at 2014-12-16 10:39:36 +0100


Started GET "/assets/notes.js?body=1" for 127.0.0.1 at 2014-12-16 10:39:36 +0100


Started GET "/notes/3" for 127.0.0.1 at 2014-12-16 10:39:39 +0100
Processing by NotesController#show as HTML
  Parameters: {"id"=>"3"}
  [1m[36mNote Load (0.1ms)[0m  [1mSELECT  "notes".* FROM "notes"  WHERE "notes"."id" = ? LIMIT 1[0m  [["id", 3]]
  [1m[35mUser Load (0.2ms)[0m  SELECT  "users".* FROM "users"  WHERE "users"."id" = 2  ORDER BY "users"."id" ASC LIMIT 1
  Rendered notes/show.html.haml within layouts/application (5.8ms)
Completed 200 OK in 47ms (Views: 44.1ms | ActiveRecord: 0.3ms)


Started GET "/assets/application.css?body=1" for 127.0.0.1 at 2014-12-16 10:39:39 +0100


Started GET "/assets/jquery.js?body=1" for 127.0.0.1 at 2014-12-16 10:39:39 +0100


Started GET "/assets/welcome.js?body=1" for 127.0.0.1 at 2014-12-16 10:39:39 +0100


Started GET "/assets/jquery_ujs.js?body=1" for 127.0.0.1 at 2014-12-16 10:39:39 +0100


Started GET "/assets/application.js?body=1" for 127.0.0.1 at 2014-12-16 10:39:39 +0100


Started GET "/assets/turbolinks.js?body=1" for 127.0.0.1 at 2014-12-16 10:39:39 +0100


Started GET "/assets/notes.js?body=1" for 127.0.0.1 at 2014-12-16 10:39:39 +0100


Started GET "/assets/application.css?body=1" for 127.0.0.1 at 2014-12-16 10:39:44 +0100


Started GET "/" for 127.0.0.1 at 2014-12-16 10:39:44 +0100
  [1m[36mUser Load (0.3ms)[0m  [1mSELECT  "users".* FROM "users"  WHERE "users"."id" = 2  ORDER BY "users"."id" ASC LIMIT 1[0m
Processing by NotesController#index as HTML
  [1m[35mNote Load (0.2ms)[0m  SELECT "notes".* FROM "notes"  WHERE "notes"."user_id" = 2
  Rendered notes/index.html.haml within layouts/application (1.9ms)
Completed 200 OK in 54ms (Views: 52.8ms | ActiveRecord: 0.2ms)


Started GET "/" for 127.0.0.1 at 2014-12-16 10:39:44 +0100
  [1m[36mUser Load (0.3ms)[0m  [1mSELECT  "users".* FROM "users"  WHERE "users"."id" = 2  ORDER BY "users"."id" ASC LIMIT 1[0m
Processing by NotesController#index as HTML
  [1m[35mNote Load (0.3ms)[0m  SELECT "notes".* FROM "notes"  WHERE "notes"."user_id" = 2
  Rendered notes/index.html.haml within layouts/application (2.0ms)
Completed 200 OK in 38ms (Views: 37.1ms | ActiveRecord: 0.3ms)


Started GET "/assets/application.css?body=1" for 127.0.0.1 at 2014-12-16 10:39:44 +0100


Started GET "/assets/jquery_ujs.js?body=1" for 127.0.0.1 at 2014-12-16 10:39:44 +0100


Started GET "/assets/jquery.js?body=1" for 127.0.0.1 at 2014-12-16 10:39:44 +0100


Started GET "/assets/turbolinks.js?body=1" for 127.0.0.1 at 2014-12-16 10:39:44 +0100


Started GET "/assets/notes.js?body=1" for 127.0.0.1 at 2014-12-16 10:39:44 +0100


Started GET "/assets/welcome.js?body=1" for 127.0.0.1 at 2014-12-16 10:39:44 +0100


Started GET "/assets/application.js?body=1" for 127.0.0.1 at 2014-12-16 10:39:44 +0100


Started GET "/" for 127.0.0.1 at 2014-12-16 10:39:45 +0100
  [1m[36mUser Load (0.2ms)[0m  [1mSELECT  "users".* FROM "users"  WHERE "users"."id" = 2  ORDER BY "users"."id" ASC LIMIT 1[0m
Processing by NotesController#index as HTML
  [1m[35mNote Load (0.2ms)[0m  SELECT "notes".* FROM "notes"  WHERE "notes"."user_id" = 2
  Rendered notes/index.html.haml within layouts/application (1.2ms)
Completed 200 OK in 36ms (Views: 35.6ms | ActiveRecord: 0.2ms)


Started GET "/assets/jquery.js?body=1" for 127.0.0.1 at 2014-12-16 10:39:46 +0100


Started GET "/assets/notes.js?body=1" for 127.0.0.1 at 2014-12-16 10:39:46 +0100


Started GET "/assets/welcome.js?body=1" for 127.0.0.1 at 2014-12-16 10:39:46 +0100


Started GET "/assets/application.css?body=1" for 127.0.0.1 at 2014-12-16 10:39:46 +0100


Started GET "/assets/jquery_ujs.js?body=1" for 127.0.0.1 at 2014-12-16 10:39:46 +0100


Started GET "/assets/turbolinks.js?body=1" for 127.0.0.1 at 2014-12-16 10:39:46 +0100


Started GET "/assets/application.js?body=1" for 127.0.0.1 at 2014-12-16 10:39:46 +0100


Started DELETE "/users/sign_out" for 127.0.0.1 at 2014-12-16 10:39:48 +0100
Processing by Devise::SessionsController#destroy as HTML
  Parameters: {"authenticity_token"=>"eK2jKAY0hHueREnQtBHPMf/KMGI2BRyfhkvruaJNLJ4="}
  [1m[36mUser Load (0.2ms)[0m  [1mSELECT  "users".* FROM "users"  WHERE "users"."id" = 2  ORDER BY "users"."id" ASC LIMIT 1[0m
  [1m[35m (0.1ms)[0m  begin transaction
  [1m[36m (0.1ms)[0m  [1mcommit transaction[0m
Redirected to http://localhost:3000/
Completed 302 Found in 5ms (ActiveRecord: 0.4ms)


Started GET "/" for 127.0.0.1 at 2014-12-16 10:39:48 +0100
Processing by WelcomeController#index as HTML
  Rendered welcome/index.html.haml within layouts/application (0.3ms)
Completed 200 OK in 41ms (Views: 40.8ms | ActiveRecord: 0.0ms)


Started GET "/assets/jquery.js?body=1" for 127.0.0.1 at 2014-12-16 10:39:48 +0100


Started GET "/assets/welcome.js?body=1" for 127.0.0.1 at 2014-12-16 10:39:48 +0100


Started GET "/assets/jquery_ujs.js?body=1" for 127.0.0.1 at 2014-12-16 10:39:48 +0100


Started GET "/assets/turbolinks.js?body=1" for 127.0.0.1 at 2014-12-16 10:39:48 +0100


Started GET "/assets/logo.svg" for 127.0.0.1 at 2014-12-16 10:39:48 +0100


Started GET "/assets/application.css?body=1" for 127.0.0.1 at 2014-12-16 10:39:49 +0100


Started GET "/assets/application.js?body=1" for 127.0.0.1 at 2014-12-16 10:39:49 +0100


Started GET "/assets/notes.js?body=1" for 127.0.0.1 at 2014-12-16 10:39:49 +0100


Started GET "/users/sign_in" for 127.0.0.1 at 2014-12-16 10:39:51 +0100
Processing by Devise::SessionsController#new as HTML
  Rendered devise/shared/_links.html.erb (0.4ms)
  Rendered devise/sessions/new.html.erb within layouts/application (6.1ms)
Completed 200 OK in 49ms (Views: 45.9ms | ActiveRecord: 0.0ms)


Started GET "/assets/application.css?body=1" for 127.0.0.1 at 2014-12-16 10:39:51 +0100


Started GET "/assets/jquery.js?body=1" for 127.0.0.1 at 2014-12-16 10:39:51 +0100


Started GET "/assets/welcome.js?body=1" for 127.0.0.1 at 2014-12-16 10:39:51 +0100


Started GET "/assets/turbolinks.js?body=1" for 127.0.0.1 at 2014-12-16 10:39:51 +0100


Started GET "/assets/application.js?body=1" for 127.0.0.1 at 2014-12-16 10:39:51 +0100


Started GET "/assets/jquery_ujs.js?body=1" for 127.0.0.1 at 2014-12-16 10:39:51 +0100


Started GET "/assets/notes.js?body=1" for 127.0.0.1 at 2014-12-16 10:39:51 +0100


Started POST "/users/sign_in" for 127.0.0.1 at 2014-12-16 10:39:57 +0100
Processing by Devise::SessionsController#create as HTML
  Parameters: {"utf8"=>"✓", "authenticity_token"=>"o7s6iFmHnfI2KJvp/l658i3eb3pPKqx0mhKaBPlftHk=", "user"=>{"email"=>"tcorrado82@gmail.com", "password"=>"[FILTERED]", "remember_me"=>"0"}, "commit"=>"Log in"}
  [1m[35mUser Load (0.4ms)[0m  SELECT  "users".* FROM "users"  WHERE "users"."email" = 'tcorrado82@gmail.com'  ORDER BY "users"."id" ASC LIMIT 1
  [1m[36m (0.1ms)[0m  [1mbegin transaction[0m
  [1m[35mSQL (0.3ms)[0m  UPDATE "users" SET "current_sign_in_at" = ?, "sign_in_count" = ?, "updated_at" = ? WHERE "users"."id" = 1  [["current_sign_in_at", "2014-12-16 09:39:57.763568"], ["sign_in_count", 2], ["updated_at", "2014-12-16 09:39:57.764219"]]
  [1m[36m (156.0ms)[0m  [1mcommit transaction[0m
Redirected to http://localhost:3000/
Completed 302 Found in 266ms (ActiveRecord: 156.8ms)


Started GET "/" for 127.0.0.1 at 2014-12-16 10:39:57 +0100
  [1m[35mUser Load (0.2ms)[0m  SELECT  "users".* FROM "users"  WHERE "users"."id" = 1  ORDER BY "users"."id" ASC LIMIT 1
Processing by NotesController#index as HTML
  [1m[36mNote Load (0.3ms)[0m  [1mSELECT "notes".* FROM "notes"  WHERE "notes"."user_id" = 1[0m
  Rendered notes/index.html.haml within layouts/application (1.7ms)
Completed 200 OK in 39ms (Views: 38.4ms | ActiveRecord: 0.3ms)


Started GET "/assets/turbolinks.js?body=1" for 127.0.0.1 at 2014-12-16 10:39:58 +0100


Started GET "/assets/jquery.js?body=1" for 127.0.0.1 at 2014-12-16 10:39:58 +0100


Started GET "/assets/notes.js?body=1" for 127.0.0.1 at 2014-12-16 10:39:58 +0100


Started GET "/assets/welcome.js?body=1" for 127.0.0.1 at 2014-12-16 10:39:58 +0100


Started GET "/assets/jquery_ujs.js?body=1" for 127.0.0.1 at 2014-12-16 10:39:58 +0100


Started GET "/assets/application.js?body=1" for 127.0.0.1 at 2014-12-16 10:39:58 +0100


Started GET "/assets/logo.svg" for 127.0.0.1 at 2014-12-16 10:39:58 +0100


Started GET "/assets/application.css?body=1" for 127.0.0.1 at 2014-12-16 10:39:58 +0100


Started GET "/" for 127.0.0.1 at 2014-12-16 11:07:58 +0100
  [1m[36mActiveRecord::SchemaMigration Load (0.2ms)[0m  [1mSELECT "schema_migrations".* FROM "schema_migrations"[0m
  [1m[35mUser Load (0.2ms)[0m  SELECT  "users".* FROM "users"  WHERE "users"."id" = 1  ORDER BY "users"."id" ASC LIMIT 1
Processing by NotesController#index as HTML
  [1m[36mNote Load (0.2ms)[0m  [1mSELECT "notes".* FROM "notes"  WHERE "notes"."user_id" = 1[0m
  Rendered notes/index.html.haml within layouts/application (14.5ms)
Completed 200 OK in 80ms (Views: 73.4ms | ActiveRecord: 0.5ms)


Started GET "/assets/application.css?body=1" for 127.0.0.1 at 2014-12-16 11:07:58 +0100


Started GET "/assets/jquery.js?body=1" for 127.0.0.1 at 2014-12-16 11:07:58 +0100


Started GET "/assets/turbolinks.js?body=1" for 127.0.0.1 at 2014-12-16 11:07:58 +0100


Started GET "/assets/jquery_ujs.js?body=1" for 127.0.0.1 at 2014-12-16 11:07:58 +0100


Started GET "/assets/notes.js?body=1" for 127.0.0.1 at 2014-12-16 11:07:58 +0100


Started GET "/assets/welcome.js?body=1" for 127.0.0.1 at 2014-12-16 11:07:58 +0100


Started GET "/assets/application.js?body=1" for 127.0.0.1 at 2014-12-16 11:07:58 +0100


Started GET "/assets/logo.svg" for 127.0.0.1 at 2014-12-16 11:07:58 +0100


Started DELETE "/users/sign_out" for 127.0.0.1 at 2014-12-16 11:08:04 +0100
Processing by Devise::SessionsController#destroy as HTML
  Parameters: {"authenticity_token"=>"/OZkfiVOEasg/+xT23cW5Mi6Gc5qKoKx3zuY9gIoFz4="}
  [1m[35mUser Load (0.2ms)[0m  SELECT  "users".* FROM "users"  WHERE "users"."id" = 1  ORDER BY "users"."id" ASC LIMIT 1
  [1m[36m (0.1ms)[0m  [1mbegin transaction[0m
  [1m[35m (0.0ms)[0m  commit transaction
Redirected to http://localhost:3000/
Completed 302 Found in 6ms (ActiveRecord: 0.3ms)


Started GET "/" for 127.0.0.1 at 2014-12-16 11:08:04 +0100
Processing by WelcomeController#index as HTML
  Rendered welcome/index.html.haml within layouts/application (6.5ms)
Completed 200 OK in 49ms (Views: 48.6ms | ActiveRecord: 0.0ms)


Started GET "/assets/jquery_ujs.js?body=1" for 127.0.0.1 at 2014-12-16 11:08:04 +0100


Started GET "/assets/logo.svg" for 127.0.0.1 at 2014-12-16 11:08:04 +0100


Started GET "/assets/turbolinks.js?body=1" for 127.0.0.1 at 2014-12-16 11:08:04 +0100


Started GET "/assets/jquery.js?body=1" for 127.0.0.1 at 2014-12-16 11:08:04 +0100


Started GET "/assets/notes.js?body=1" for 127.0.0.1 at 2014-12-16 11:08:05 +0100


Started GET "/assets/welcome.js?body=1" for 127.0.0.1 at 2014-12-16 11:08:05 +0100


Started GET "/assets/callout_background.jpg" for 127.0.0.1 at 2014-12-16 11:08:05 +0100


Started GET "/assets/welcome_banner_image.jpg" for 127.0.0.1 at 2014-12-16 11:08:05 +0100


Started GET "/" for 127.0.0.1 at 2014-12-16 18:38:15 +0100
  [1m[36mActiveRecord::SchemaMigration Load (0.2ms)[0m  [1mSELECT "schema_migrations".* FROM "schema_migrations"[0m
Processing by WelcomeController#index as HTML
  Rendered welcome/index.html.haml within layouts/application (5.7ms)
Completed 200 OK in 68ms (Views: 67.9ms | ActiveRecord: 0.0ms)


Started GET "/assets/application.css?body=1" for 127.0.0.1 at 2014-12-16 18:38:15 +0100


Started GET "/assets/turbolinks.js?body=1" for 127.0.0.1 at 2014-12-16 18:38:15 +0100


Started GET "/assets/jquery_ujs.js?body=1" for 127.0.0.1 at 2014-12-16 18:38:15 +0100


Started GET "/assets/jquery.js?body=1" for 127.0.0.1 at 2014-12-16 18:38:15 +0100


Started GET "/assets/notes.js?body=1" for 127.0.0.1 at 2014-12-16 18:38:15 +0100


Started GET "/assets/welcome.js?body=1" for 127.0.0.1 at 2014-12-16 18:38:15 +0100


Started GET "/assets/application.js?body=1" for 127.0.0.1 at 2014-12-16 18:38:15 +0100


Started GET "/assets/logo.svg" for 127.0.0.1 at 2014-12-16 18:38:15 +0100


Started GET "/assets/welcome_banner_image.jpg" for 127.0.0.1 at 2014-12-16 18:38:15 +0100


Started GET "/assets/callout_background.jpg" for 127.0.0.1 at 2014-12-16 18:38:15 +0100


Started GET "/" for 127.0.0.1 at 2014-12-16 18:38:25 +0100
Processing by WelcomeController#index as HTML
  Rendered welcome/index.html.haml within layouts/application (0.3ms)
Completed 200 OK in 36ms (Views: 35.3ms | ActiveRecord: 0.0ms)


Started GET "/assets/application.css?body=1" for 127.0.0.1 at 2014-12-16 18:38:25 +0100


Started GET "/assets/notes.js?body=1" for 127.0.0.1 at 2014-12-16 18:38:25 +0100


Started GET "/assets/jquery.js?body=1" for 127.0.0.1 at 2014-12-16 18:38:25 +0100


Started GET "/assets/jquery_ujs.js?body=1" for 127.0.0.1 at 2014-12-16 18:38:25 +0100


Started GET "/assets/turbolinks.js?body=1" for 127.0.0.1 at 2014-12-16 18:38:25 +0100


Started GET "/assets/welcome.js?body=1" for 127.0.0.1 at 2014-12-16 18:38:25 +0100


Started GET "/assets/application.js?body=1" for 127.0.0.1 at 2014-12-16 18:38:25 +0100


Started GET "/assets/logo.svg" for 127.0.0.1 at 2014-12-16 18:38:25 +0100


Started GET "/" for 127.0.0.1 at 2014-12-16 18:39:12 +0100
Processing by WelcomeController#index as HTML
  Rendered welcome/index.html.haml within layouts/application (4.9ms)
Completed 200 OK in 41ms (Views: 40.4ms | ActiveRecord: 0.0ms)


Started GET "/assets/application.css?body=1" for 127.0.0.1 at 2014-12-16 18:39:13 +0100


Started GET "/assets/jquery.js?body=1" for 127.0.0.1 at 2014-12-16 18:39:13 +0100


Started GET "/assets/welcome.js?body=1" for 127.0.0.1 at 2014-12-16 18:39:13 +0100


Started GET "/assets/jquery_ujs.js?body=1" for 127.0.0.1 at 2014-12-16 18:39:13 +0100


Started GET "/assets/turbolinks.js?body=1" for 127.0.0.1 at 2014-12-16 18:39:13 +0100


Started GET "/assets/notes.js?body=1" for 127.0.0.1 at 2014-12-16 18:39:13 +0100


Started GET "/assets/application.js?body=1" for 127.0.0.1 at 2014-12-16 18:39:13 +0100


Started GET "/assets/logo.svg" for 127.0.0.1 at 2014-12-16 18:39:13 +0100


Started GET "/" for 127.0.0.1 at 2014-12-16 18:39:13 +0100
Processing by WelcomeController#index as HTML
  Rendered welcome/index.html.haml within layouts/application (0.4ms)
Completed 200 OK in 35ms (Views: 35.2ms | ActiveRecord: 0.0ms)


Started GET "/assets/application.css?body=1" for 127.0.0.1 at 2014-12-16 18:39:13 +0100


Started GET "/assets/turbolinks.js?body=1" for 127.0.0.1 at 2014-12-16 18:39:13 +0100


Started GET "/assets/jquery_ujs.js?body=1" for 127.0.0.1 at 2014-12-16 18:39:13 +0100


Started GET "/assets/jquery.js?body=1" for 127.0.0.1 at 2014-12-16 18:39:13 +0100


Started GET "/assets/welcome.js?body=1" for 127.0.0.1 at 2014-12-16 18:39:13 +0100


Started GET "/assets/notes.js?body=1" for 127.0.0.1 at 2014-12-16 18:39:13 +0100


Started GET "/assets/application.js?body=1" for 127.0.0.1 at 2014-12-16 18:39:13 +0100


Started GET "/assets/logo.svg" for 127.0.0.1 at 2014-12-16 18:39:13 +0100


Started GET "/" for 127.0.0.1 at 2014-12-16 18:39:13 +0100
Processing by WelcomeController#index as HTML
  Rendered welcome/index.html.haml within layouts/application (0.6ms)
Completed 200 OK in 40ms (Views: 39.0ms | ActiveRecord: 0.0ms)


Started GET "/assets/application.css?body=1" for 127.0.0.1 at 2014-12-16 18:39:13 +0100


Started GET "/assets/jquery.js?body=1" for 127.0.0.1 at 2014-12-16 18:39:13 +0100


Started GET "/assets/welcome.js?body=1" for 127.0.0.1 at 2014-12-16 18:39:13 +0100


Started GET "/assets/notes.js?body=1" for 127.0.0.1 at 2014-12-16 18:39:13 +0100


Started GET "/assets/jquery_ujs.js?body=1" for 127.0.0.1 at 2014-12-16 18:39:13 +0100


Started GET "/assets/turbolinks.js?body=1" for 127.0.0.1 at 2014-12-16 18:39:13 +0100


Started GET "/assets/application.js?body=1" for 127.0.0.1 at 2014-12-16 18:39:13 +0100


Started GET "/assets/logo.svg" for 127.0.0.1 at 2014-12-16 18:39:13 +0100


Started GET "/" for 127.0.0.1 at 2014-12-16 18:39:13 +0100
Processing by WelcomeController#index as HTML
  Rendered welcome/index.html.haml within layouts/application (0.5ms)
Completed 200 OK in 38ms (Views: 37.7ms | ActiveRecord: 0.0ms)


Started GET "/assets/notes.js?body=1" for 127.0.0.1 at 2014-12-16 18:39:14 +0100


Started GET "/assets/notes.js?body=1" for 127.0.0.1 at 2014-12-16 18:39:14 +0100


Started GET "/assets/jquery_ujs.js?body=1" for 127.0.0.1 at 2014-12-16 18:39:14 +0100


Started GET "/assets/application.css?body=1" for 127.0.0.1 at 2014-12-16 18:39:14 +0100


Started GET "/assets/turbolinks.js?body=1" for 127.0.0.1 at 2014-12-16 18:39:14 +0100


Started GET "/assets/jquery.js?body=1" for 127.0.0.1 at 2014-12-16 18:39:14 +0100


Started GET "/assets/welcome.js?body=1" for 127.0.0.1 at 2014-12-16 18:39:14 +0100


Started GET "/assets/application.js?body=1" for 127.0.0.1 at 2014-12-16 18:39:14 +0100


Started GET "/assets/logo.svg" for 127.0.0.1 at 2014-12-16 18:39:14 +0100


Started GET "/" for 127.0.0.1 at 2014-12-16 18:39:56 +0100
Processing by WelcomeController#index as HTML
  Rendered welcome/index.html.haml within layouts/application (0.3ms)
Completed 200 OK in 36ms (Views: 35.6ms | ActiveRecord: 0.0ms)


Started GET "/assets/application.css?body=1" for 127.0.0.1 at 2014-12-16 18:39:56 +0100


Started GET "/assets/jquery_ujs.js?body=1" for 127.0.0.1 at 2014-12-16 18:39:56 +0100


Started GET "/assets/turbolinks.js?body=1" for 127.0.0.1 at 2014-12-16 18:39:56 +0100


Started GET "/assets/jquery.js?body=1" for 127.0.0.1 at 2014-12-16 18:39:56 +0100


Started GET "/assets/notes.js?body=1" for 127.0.0.1 at 2014-12-16 18:39:56 +0100


Started GET "/assets/welcome.js?body=1" for 127.0.0.1 at 2014-12-16 18:39:56 +0100


Started GET "/assets/logo.svg" for 127.0.0.1 at 2014-12-16 18:39:56 +0100


Started GET "/assets/application.js?body=1" for 127.0.0.1 at 2014-12-16 18:39:56 +0100


Started GET "/" for 127.0.0.1 at 2014-12-16 18:39:58 +0100
Processing by WelcomeController#index as HTML
  Rendered welcome/index.html.haml within layouts/application (0.5ms)
Completed 200 OK in 43ms (Views: 42.2ms | ActiveRecord: 0.0ms)


Started GET "/assets/application.css?body=1" for 127.0.0.1 at 2014-12-16 18:39:58 +0100


Started GET "/assets/turbolinks.js?body=1" for 127.0.0.1 at 2014-12-16 18:39:58 +0100


Started GET "/assets/jquery_ujs.js?body=1" for 127.0.0.1 at 2014-12-16 18:39:58 +0100


Started GET "/assets/welcome.js?body=1" for 127.0.0.1 at 2014-12-16 18:39:58 +0100


Started GET "/assets/notes.js?body=1" for 127.0.0.1 at 2014-12-16 18:39:58 +0100


Started GET "/assets/jquery.js?body=1" for 127.0.0.1 at 2014-12-16 18:39:58 +0100


Started GET "/assets/application.js?body=1" for 127.0.0.1 at 2014-12-16 18:39:58 +0100


Started GET "/assets/logo.svg" for 127.0.0.1 at 2014-12-16 18:39:58 +0100


Started GET "/" for 127.0.0.1 at 2014-12-16 18:39:58 +0100
Processing by WelcomeController#index as HTML
  Rendered welcome/index.html.haml within layouts/application (0.5ms)
Completed 200 OK in 52ms (Views: 51.4ms | ActiveRecord: 0.0ms)


Started GET "/assets/application.css?body=1" for 127.0.0.1 at 2014-12-16 18:39:58 +0100


Started GET "/assets/turbolinks.js?body=1" for 127.0.0.1 at 2014-12-16 18:39:58 +0100


Started GET "/assets/welcome.js?body=1" for 127.0.0.1 at 2014-12-16 18:39:58 +0100


Started GET "/assets/notes.js?body=1" for 127.0.0.1 at 2014-12-16 18:39:58 +0100


Started GET "/assets/jquery.js?body=1" for 127.0.0.1 at 2014-12-16 18:39:58 +0100


Started GET "/assets/jquery_ujs.js?body=1" for 127.0.0.1 at 2014-12-16 18:39:58 +0100


Started GET "/assets/application.js?body=1" for 127.0.0.1 at 2014-12-16 18:39:58 +0100


Started GET "/assets/logo.svg" for 127.0.0.1 at 2014-12-16 18:39:58 +0100


Started GET "/" for 127.0.0.1 at 2014-12-16 18:39:58 +0100
Processing by WelcomeController#index as HTML
  Rendered welcome/index.html.haml within layouts/application (0.8ms)
Completed 200 OK in 41ms (Views: 40.4ms | ActiveRecord: 0.0ms)


Started GET "/assets/application.css?body=1" for 127.0.0.1 at 2014-12-16 18:39:58 +0100


Started GET "/assets/welcome.js?body=1" for 127.0.0.1 at 2014-12-16 18:39:58 +0100


Started GET "/assets/jquery.js?body=1" for 127.0.0.1 at 2014-12-16 18:39:58 +0100


Started GET "/assets/turbolinks.js?body=1" for 127.0.0.1 at 2014-12-16 18:39:58 +0100


Started GET "/assets/notes.js?body=1" for 127.0.0.1 at 2014-12-16 18:39:58 +0100


Started GET "/assets/jquery_ujs.js?body=1" for 127.0.0.1 at 2014-12-16 18:39:58 +0100


Started GET "/assets/application.js?body=1" for 127.0.0.1 at 2014-12-16 18:39:58 +0100


Started GET "/assets/logo.svg" for 127.0.0.1 at 2014-12-16 18:39:58 +0100


Started GET "/" for 127.0.0.1 at 2014-12-16 18:45:34 +0100
Processing by WelcomeController#index as HTML
  Rendered welcome/index.html.haml within layouts/application (0.3ms)
Completed 200 OK in 44ms (Views: 43.8ms | ActiveRecord: 0.0ms)


Started GET "/assets/jquery.js?body=1" for 127.0.0.1 at 2014-12-16 18:45:34 +0100


Started GET "/assets/jquery_ujs.js?body=1" for 127.0.0.1 at 2014-12-16 18:45:34 +0100


Started GET "/assets/turbolinks.js?body=1" for 127.0.0.1 at 2014-12-16 18:45:34 +0100


Started GET "/assets/welcome.js?body=1" for 127.0.0.1 at 2014-12-16 18:45:34 +0100


Started GET "/assets/notes.js?body=1" for 127.0.0.1 at 2014-12-16 18:45:34 +0100


Started GET "/assets/logo.jpg" for 127.0.0.1 at 2014-12-16 18:45:34 +0100


Started GET "/assets/application.css?body=1" for 127.0.0.1 at 2014-12-16 18:45:34 +0100


Started GET "/assets/application.js?body=1" for 127.0.0.1 at 2014-12-16 18:45:34 +0100


Started GET "/" for 127.0.0.1 at 2014-12-16 19:00:16 +0100
Processing by WelcomeController#index as HTML
  Rendered welcome/index.html.haml within layouts/application (0.7ms)
Completed 200 OK in 40ms (Views: 39.2ms | ActiveRecord: 0.0ms)


Started GET "/assets/jquery.js?body=1" for 127.0.0.1 at 2014-12-16 19:00:16 +0100


Started GET "/assets/notes.js?body=1" for 127.0.0.1 at 2014-12-16 19:00:16 +0100


Started GET "/assets/turbolinks.js?body=1" for 127.0.0.1 at 2014-12-16 19:00:16 +0100


Started GET "/assets/application.css?body=1" for 127.0.0.1 at 2014-12-16 19:00:16 +0100


Started GET "/assets/welcome.js?body=1" for 127.0.0.1 at 2014-12-16 19:00:16 +0100


Started GET "/assets/jquery_ujs.js?body=1" for 127.0.0.1 at 2014-12-16 19:00:16 +0100


Started GET "/assets/application.js?body=1" for 127.0.0.1 at 2014-12-16 19:00:16 +0100


Started GET "/assets/logo.jpg" for 127.0.0.1 at 2014-12-16 19:00:16 +0100


Started GET "/" for 127.0.0.1 at 2014-12-16 19:00:18 +0100
Processing by WelcomeController#index as HTML
  Rendered welcome/index.html.haml within layouts/application (0.6ms)
Completed 200 OK in 38ms (Views: 37.6ms | ActiveRecord: 0.0ms)


Started GET "/assets/application.css?body=1" for 127.0.0.1 at 2014-12-16 19:00:18 +0100


Started GET "/assets/jquery.js?body=1" for 127.0.0.1 at 2014-12-16 19:00:18 +0100


Started GET "/assets/jquery_ujs.js?body=1" for 127.0.0.1 at 2014-12-16 19:00:18 +0100


Started GET "/assets/turbolinks.js?body=1" for 127.0.0.1 at 2014-12-16 19:00:18 +0100


Started GET "/assets/notes.js?body=1" for 127.0.0.1 at 2014-12-16 19:00:18 +0100


Started GET "/assets/welcome.js?body=1" for 127.0.0.1 at 2014-12-16 19:00:18 +0100


Started GET "/assets/application.js?body=1" for 127.0.0.1 at 2014-12-16 19:00:18 +0100


Started GET "/assets/logo.jpg" for 127.0.0.1 at 2014-12-16 19:00:18 +0100
